<?xml version="1.0" encoding="UTF-8"?>
<!-- Generated by org.testng.reporters.JUnitReportReporter -->
<testsuite hostname="LAPTOP-O3NI4730" failures="0" tests="1" name="shoppersstack_profilecard_Kiran.getanddeletecard" time="4.347" errors="0" timestamp="2023-04-19T17:35:10 IST" skipped="0">
  <testcase classname="shoppersstack_profilecard_Kiran.getanddeletecard" name="getanddelete" time="4.347"/>
  <system-out/>
</testsuite> <!-- shoppersstack_profilecard_Kiran.getanddeletecard -->
