<?xml version="1.0" encoding="UTF-8"?>
<!-- Generated by org.testng.reporters.JUnitReportReporter -->
<testsuite hostname="LAPTOP-O3NI4730" failures="0" tests="1" name="shoppersstack.genererateberrierToken" time="3.990" errors="0" timestamp="2023-04-19T15:40:50 IST" skipped="0">
  <testcase classname="shoppersstack.genererateberrierToken" name="post" time="3.990"/>
  <system-out/>
</testsuite> <!-- shoppersstack.genererateberrierToken -->
