<?xml version="1.0" encoding="UTF-8"?>
<!-- Generated by org.testng.reporters.JUnitReportReporter -->
<testsuite hostname="LAPTOP-O3NI4730" failures="0" tests="1" name="paramameter.formparam" time="2.440" errors="0" timestamp="2023-04-08T15:21:29 IST" skipped="0">
  <testcase classname="paramameter.formparam" name="formparameter" time="2.440"/>
  <system-out/>
</testsuite> <!-- paramameter.formparam -->
