<?xml version="1.0" encoding="UTF-8"?>
<!-- Generated by org.testng.reporters.JUnitReportReporter -->
<testsuite hostname="LAPTOP-O3NI4730" failures="0" tests="1" name="shoppersstack_profilecard_Kiran.savecarddata" time="4.359" errors="0" timestamp="2023-04-19T17:35:54 IST" skipped="0">
  <testcase classname="shoppersstack_profilecard_Kiran.savecarddata" name="createcard" time="4.359"/>
  <system-out/>
</testsuite> <!-- shoppersstack_profilecard_Kiran.savecarddata -->
