<?xml version="1.0" encoding="UTF-8"?>
<!-- Generated by org.testng.reporters.JUnitReportReporter -->
<testsuite hostname="LAPTOP-O3NI4730" failures="0" tests="1" name="paramameter.pathparameter" time="2.574" errors="0" timestamp="2023-04-08T15:11:55 IST" skipped="0">
  <testcase classname="paramameter.pathparameter" name="pathparam" time="2.574"/>
  <system-out/>
</testsuite> <!-- paramameter.pathparameter -->
