<?xml version="1.0" encoding="UTF-8"?>
<!-- Generated by org.testng.reporters.JUnitReportReporter -->
<testsuite hostname="LAPTOP-O3NI4730" failures="0" tests="1" name="differntwaysofpost.post_with_Hashmap" time="2.623" errors="0" timestamp="2023-04-08T15:11:32 IST" skipped="0">
  <testcase classname="differntwaysofpost.post_with_Hashmap" name="postwithhashmap" time="2.623"/>
  <system-out/>
</testsuite> <!-- differntwaysofpost.post_with_Hashmap -->
