<?xml version="1.0" encoding="UTF-8"?>
<!-- Generated by org.testng.reporters.JUnitReportReporter -->
<testsuite hostname="LAPTOP-O3NI4730" failures="0" tests="1" name="differntwaysofpost.post_with_Pojoclass" time="2.810" errors="0" timestamp="2023-04-10T15:27:09 IST" skipped="0">
  <testcase classname="differntwaysofpost.post_with_Pojoclass" name="post" time="2.810"/>
  <system-out/>
</testsuite> <!-- differntwaysofpost.post_with_Pojoclass -->
