<?xml version="1.0" encoding="UTF-8"?>
<!-- Generated by org.testng.reporters.JUnitReportReporter -->
<testsuite hostname="LAPTOP-O3NI4730" failures="0" tests="1" name="sachin.getproject" time="2.668" errors="0" timestamp="2023-04-08T10:58:26 IST" skipped="0">
  <testcase classname="sachin.getproject" name="get" time="2.668"/>
  <system-out/>
</testsuite> <!-- sachin.getproject -->
