<?xml version="1.0" encoding="UTF-8"?>
<!-- Generated by org.testng.reporters.JUnitReportReporter -->
<testsuite hostname="LAPTOP-O3NI4730" failures="0" tests="1" name="dynamicnadStaticResponse.DynamicResponse" time="3.169" errors="0" timestamp="2023-04-08T14:24:13 IST" skipped="0">
  <testcase classname="dynamicnadStaticResponse.DynamicResponse" name="dynamicNOlocation" time="3.169"/>
  <system-out/>
</testsuite> <!-- dynamicnadStaticResponse.DynamicResponse -->
