<?xml version="1.0" encoding="UTF-8"?>
<!-- Generated by org.testng.reporters.JUnitReportReporter -->
<testsuite hostname="LAPTOP-O3NI4730" failures="0" tests="1" name="crudwithBDD.createproject" time="2.627" errors="0" timestamp="2023-04-11T15:28:33 IST" skipped="0">
  <testcase classname="crudwithBDD.createproject" name="create" time="2.627"/>
  <system-out/>
</testsuite> <!-- crudwithBDD.createproject -->
