<?xml version="1.0" encoding="UTF-8"?>
<!-- Generated by org.testng.reporters.JUnitReportReporter -->
<testsuite hostname="LAPTOP-O3NI4730" failures="0" tests="1" name="dynamicnadStaticResponse.staticResponse" time="2.938" errors="0" timestamp="2023-04-08T14:03:34 IST" skipped="0">
  <testcase classname="dynamicnadStaticResponse.staticResponse" name="getfromstatic" time="2.938"/>
  <system-out/>
</testsuite> <!-- dynamicnadStaticResponse.staticResponse -->
