<?xml version="1.0" encoding="UTF-8"?>
<!-- Generated by org.testng.reporters.JUnitReportReporter -->
<testsuite hostname="LAPTOP-O3NI4730" failures="0" tests="1" name="shoppersstack.getanddeletecard" time="3.467" errors="0" timestamp="2023-04-19T16:12:55 IST" skipped="0">
  <testcase classname="shoppersstack.getanddeletecard" name="getanddelete" time="3.467"/>
  <system-out/>
</testsuite> <!-- shoppersstack.getanddeletecard -->
