<?xml version="1.0" encoding="UTF-8"?>
<!-- Generated by org.testng.reporters.JUnitReportReporter -->
<testsuite hostname="LAPTOP-O3NI4730" failures="0" tests="1" name="apip01.api01" time="3.143" errors="0" timestamp="2023-04-07T17:25:56 IST" skipped="0">
  <testcase classname="apip01.api01" name="pub" time="3.143"/>
  <system-out/>
</testsuite> <!-- apip01.api01 -->
