<?xml version="1.0" encoding="UTF-8"?>
<!-- Generated by org.testng.reporters.JUnitReportReporter -->
<testsuite hostname="LAPTOP-O3NI4730" failures="0" tests="1" name="headervalidation.getbodymethod" time="2.265" errors="0" timestamp="2023-04-10T11:03:31 IST" skipped="0">
  <testcase classname="headervalidation.getbodymethod" name="getb" time="2.265"/>
  <system-out/>
</testsuite> <!-- headervalidation.getbodymethod -->
