<?xml version="1.0" encoding="UTF-8"?>
<!-- Generated by org.testng.reporters.JUnitReportReporter -->
<testsuite hostname="LAPTOP-O3NI4730" failures="0" tests="1" name="datadrivenTestingDataprovider.datadriveninRestassure" time="0.000" errors="0" timestamp="2023-04-10T16:55:50 IST" skipped="1">
  <testcase classname="datadrivenTestingDataprovider.datadriveninRestassure" name="createproject" time="0.000">
    <skipped/>
  </testcase> <!-- createproject -->
  <system-out/>
</testsuite> <!-- datadrivenTestingDataprovider.datadriveninRestassure -->
