<?xml version="1.0" encoding="UTF-8"?>
<!-- Generated by org.testng.reporters.JUnitReportReporter -->
<testsuite hostname="LAPTOP-O3NI4730" failures="0" tests="1" name="apip01.getproject" time="2.595" errors="0" timestamp="2023-04-08T13:30:57 IST" skipped="0">
  <testcase classname="apip01.getproject" name="getResponse" time="2.595"/>
  <system-out/>
</testsuite> <!-- apip01.getproject -->
