<?xml version="1.0" encoding="UTF-8"?>
<!-- Generated by org.testng.reporters.JUnitReportReporter -->
<testsuite hostname="LAPTOP-O3NI4730" failures="0" tests="1" name="Requestchaining.PostandDelete" time="5.592" errors="0" timestamp="2023-04-11T15:15:09 IST" skipped="0">
  <testcase classname="Requestchaining.PostandDelete" name="delete" time="5.592"/>
  <system-out/>
</testsuite> <!-- Requestchaining.PostandDelete -->
