<?xml version="1.0" encoding="UTF-8"?>
<!-- Generated by org.testng.reporters.JUnitReportReporter -->
<testsuite hostname="LAPTOP-O3NI4730" failures="0" tests="1" name="sachin.createproject" time="6.326" errors="0" timestamp="2023-04-08T11:30:56 IST" skipped="0">
  <testcase classname="sachin.createproject" name="create" time="6.326"/>
  <system-out/>
</testsuite> <!-- sachin.createproject -->
