<?xml version="1.0" encoding="UTF-8"?>
<!-- Generated by org.testng.reporters.JUnitReportReporter -->
<testsuite hostname="LAPTOP-O3NI4730" failures="0" tests="1" name="headervalidation.Headervalidation" time="3.902" errors="0" timestamp="2023-04-10T12:13:47 IST" skipped="0">
  <testcase classname="headervalidation.Headervalidation" name="HeaderBodyvalidation" time="3.902"/>
  <system-out/>
</testsuite> <!-- headervalidation.Headervalidation -->
