<?xml version="1.0" encoding="UTF-8"?>
<!-- Generated by org.testng.reporters.JUnitReportReporter -->
<testsuite hostname="LAPTOP-O3NI4730" failures="0" tests="1" name="responsetimevalidation.responsetimevalidation" time="1.906" errors="0" timestamp="2023-04-08T14:43:49 IST" skipped="0">
  <testcase classname="responsetimevalidation.responsetimevalidation" name="responsetime" time="1.906"/>
  <system-out/>
</testsuite> <!-- responsetimevalidation.responsetimevalidation -->
