<?xml version="1.0" encoding="UTF-8"?>
<!-- Generated by org.testng.reporters.JUnitReportReporter -->
<testsuite hostname="LAPTOP-O3NI4730" failures="0" tests="1" name="Requestchaining.PostandGet" time="4.887" errors="0" timestamp="2023-04-11T15:16:29 IST" skipped="0">
  <testcase classname="Requestchaining.PostandGet" name="get" time="4.887"/>
  <system-out/>
</testsuite> <!-- Requestchaining.PostandGet -->
